[2024-01-25 07:19:29] local.ERROR: could not find driver (Connection: mysql, SQL: select * from `admins` where `username` = heheteam limit 1) {"exception":"[object] (Illuminate\\Database\\QueryException(code: 0): could not find driver (Connection: mysql, SQL: select * from `admins` where `username` = heheteam limit 1) at C:\\Code\\Web\\CoolYeah\\PemWEB\\Aryo_059_SC\\practice_laravel\\vendor\\laravel\\framework\\src\\Illuminate\\Database\\Connection.php:822)
[stacktrace]
#0 C:\\Code\\Web\\CoolYeah\\PemWEB\\Aryo_059_SC\\practice_laravel\\vendor\\laravel\\framework\\src\\Illuminate\\Database\\Connection.php(776): Illuminate\\Database\\Connection->runQueryCallback()
#1 C:\\Code\\Web\\CoolYeah\\PemWEB\\Aryo_059_SC\\practice_laravel\\vendor\\laravel\\framework\\src\\Illuminate\\Database\\Connection.php(407): Illuminate\\Database\\Connection->run()
#2 C:\\Code\\Web\\CoolYeah\\PemWEB\\Aryo_059_SC\\practice_laravel\\vendor\\laravel\\framework\\src\\Illuminate\\Database\\Query\\Builder.php(2751): Illuminate\\Database\\Connection->select()
#3 C:\\Code\\Web\\CoolYeah\\PemWEB\\Aryo_059_SC\\practice_laravel\\vendor\\laravel\\framework\\src\\Illuminate\\Database\\Query\\Builder.php(2740): Illuminate\\Database\\Query\\Builder->runSelect()
#4 C:\\Code\\Web\\CoolYeah\\PemWEB\\Aryo_059_SC\\practice_laravel\\vendor\\laravel\\framework\\src\\Illuminate\\Database\\Query\\Builder.php(3294): Illuminate\\Database\\Query\\Builder->Illuminate\\Database\\Query\\{closure}()
#5 C:\\Code\\Web\\CoolYeah\\PemWEB\\Aryo_059_SC\\practice_laravel\\vendor\\laravel\\framework\\src\\Illuminate\\Database\\Query\\Builder.php(2739): Illuminate\\Database\\Query\\Builder->onceWithColumns()
#6 C:\\Code\\Web\\CoolYeah\\PemWEB\\Aryo_059_SC\\practice_laravel\\vendor\\laravel\\framework\\src\\Illuminate\\Database\\Eloquent\\Builder.php(737): Illuminate\\Database\\Query\\Builder->get()
#7 C:\\Code\\Web\\CoolYeah\\PemWEB\\Aryo_059_SC\\practice_laravel\\vendor\\laravel\\framework\\src\\Illuminate\\Database\\Eloquent\\Builder.php(721): Illuminate\\Database\\Eloquent\\Builder->getModels()
#8 C:\\Code\\Web\\CoolYeah\\PemWEB\\Aryo_059_SC\\practice_laravel\\vendor\\laravel\\framework\\src\\Illuminate\\Database\\Concerns\\BuildsQueries.php(333): Illuminate\\Database\\Eloquent\\Builder->get()
#9 C:\\Code\\Web\\CoolYeah\\PemWEB\\Aryo_059_SC\\practice_laravel\\app\\Http\\Controllers\\AdminController.php(21): Illuminate\\Database\\Eloquent\\Builder->first()
#10 C:\\Code\\Web\\CoolYeah\\PemWEB\\Aryo_059_SC\\practice_laravel\\vendor\\laravel\\framework\\src\\Illuminate\\Routing\\Controller.php(54): App\\Http\\Controllers\\AdminController->process()
#11 C:\\Code\\Web\\CoolYeah\\PemWEB\\Aryo_059_SC\\practice_laravel\\vendor\\laravel\\framework\\src\\Illuminate\\Routing\\ControllerDispatcher.php(43): Illuminate\\Routing\\Controller->callAction()
#12 C:\\Code\\Web\\CoolYeah\\PemWEB\\Aryo_059_SC\\practice_laravel\\vendor\\laravel\\framework\\src\\Illuminate\\Routing\\Route.php(259): Illuminate\\Routing\\ControllerDispatcher->dispatch()
#13 C:\\Code\\Web\\CoolYeah\\PemWEB\\Aryo_059_SC\\practice_laravel\\vendor\\laravel\\framework\\src\\Illuminate\\Routing\\Route.php(205): Illuminate\\Routing\\Route->runController()
#14 C:\\Code\\Web\\CoolYeah\\PemWEB\\Aryo_059_SC\\practice_laravel\\vendor\\laravel\\framework\\src\\Illuminate\\Routing\\Router.php(806): Illuminate\\Routing\\Route->run()
#15 C:\\Code\\Web\\CoolYeah\\PemWEB\\Aryo_059_SC\\practice_laravel\\vendor\\laravel\\framework\\src\\Illuminate\\Pipeline\\Pipeline.php(144): Illuminate\\Routing\\Router->Illuminate\\Routing\\{closure}()
#16 C:\\Code\\Web\\CoolYeah\\PemWEB\\Aryo_059_SC\\practice_laravel\\vendor\\laravel\\framework\\src\\Illuminate\\Routing\\Middleware\\SubstituteBindings.php(50): Illuminate\\Pipeline\\Pipeline->Illuminate\\Pipeline\\{closure}()
#17 C:\\Code\\Web\\CoolYeah\\PemWEB\\Aryo_059_SC\\practice_laravel\\vendor\\laravel\\framework\\src\\Illuminate\\Pipeline\\Pipeline.php(183): Illuminate\\Routing\\Middleware\\SubstituteBindings->handle()
#18 C:\\Code\\Web\\CoolYeah\\PemWEB\\Aryo_059_SC\\practice_laravel\\vendor\\laravel\\framework\\src\\Illuminate\\Foundation\\Http\\Middleware\\VerifyCsrfToken.php(78): Illuminate\\Pipeline\\Pipeline->Illuminate\\Pipeline\\{closure}()
#19 C:\\Code\\Web\\CoolYeah\\PemWEB\\Aryo_059_SC\\practice_laravel\\vendor\\laravel\\framework\\src\\Illuminate\\Pipeline\\Pipeline.php(183): Illuminate\\Foundation\\Http\\Middleware\\VerifyCsrfToken->handle()
#20 C:\\Code\\Web\\CoolYeah\\PemWEB\\Aryo_059_SC\\practice_laravel\\vendor\\laravel\\framework\\src\\Illuminate\\View\\Middleware\\ShareErrorsFromSession.php(49): Illuminate\\Pipeline\\Pipeline->Illuminate\\Pipeline\\{closure}()
#21 C:\\Code\\Web\\CoolYeah\\PemWEB\\Aryo_059_SC\\practice_laravel\\vendor\\laravel\\framework\\src\\Illuminate\\Pipeline\\Pipeline.php(183): Illuminate\\View\\Middleware\\ShareErrorsFromSession->handle()
#22 C:\\Code\\Web\\CoolYeah\\PemWEB\\Aryo_059_SC\\practice_laravel\\vendor\\laravel\\framework\\src\\Illuminate\\Session\\Middleware\\StartSession.php(121): Illuminate\\Pipeline\\Pipeline->Illuminate\\Pipeline\\{closure}()
#23 C:\\Code\\Web\\CoolYeah\\PemWEB\\Aryo_059_SC\\practice_laravel\\vendor\\laravel\\framework\\src\\Illuminate\\Session\\Middleware\\StartSession.php(64): Illuminate\\Session\\Middleware\\StartSession->handleStatefulRequest()
#24 C:\\Code\\Web\\CoolYeah\\PemWEB\\Aryo_059_SC\\practice_laravel\\vendor\\laravel\\framework\\src\\Illuminate\\Pipeline\\Pipeline.php(183): Illuminate\\Session\\Middleware\\StartSession->handle()
#25 C:\\Code\\Web\\CoolYeah\\PemWEB\\Aryo_059_SC\\practice_laravel\\vendor\\laravel\\framework\\src\\Illuminate\\Cookie\\Middleware\\AddQueuedCookiesToResponse.php(37): Illuminate\\Pipeline\\Pipeline->Illuminate\\Pipeline\\{closure}()
#26 C:\\Code\\Web\\CoolYeah\\PemWEB\\Aryo_059_SC\\practice_laravel\\vendor\\laravel\\framework\\src\\Illuminate\\Pipeline\\Pipeline.php(183): Illuminate\\Cookie\\Middleware\\AddQueuedCookiesToResponse->handle()
#27 C:\\Code\\Web\\CoolYeah\\PemWEB\\Aryo_059_SC\\practice_laravel\\vendor\\laravel\\framework\\src\\Illuminate\\Cookie\\Middleware\\EncryptCookies.php(67): Illuminate\\Pipeline\\Pipeline->Illuminate\\Pipeline\\{closure}()
#28 C:\\Code\\Web\\CoolYeah\\PemWEB\\Aryo_059_SC\\practice_laravel\\vendor\\laravel\\framework\\src\\Illuminate\\Pipeline\\Pipeline.php(183): Illuminate\\Cookie\\Middleware\\EncryptCookies->handle()
#29 C:\\Code\\Web\\CoolYeah\\PemWEB\\Aryo_059_SC\\practice_laravel\\vendor\\laravel\\framework\\src\\Illuminate\\Pipeline\\Pipeline.php(119): Illuminate\\Pipeline\\Pipeline->Illuminate\\Pipeline\\{closure}()
#30 C:\\Code\\Web\\CoolYeah\\PemWEB\\Aryo_059_SC\\practice_laravel\\vendor\\laravel\\framework\\src\\Illuminate\\Routing\\Router.php(805): Illuminate\\Pipeline\\Pipeline->then()
#31 C:\\Code\\Web\\CoolYeah\\PemWEB\\Aryo_059_SC\\practice_laravel\\vendor\\laravel\\framework\\src\\Illuminate\\Routing\\Router.php(784): Illuminate\\Routing\\Router->runRouteWithinStack()
#32 C:\\Code\\Web\\CoolYeah\\PemWEB\\Aryo_059_SC\\practice_laravel\\vendor\\laravel\\framework\\src\\Illuminate\\Routing\\Router.php(748): Illuminate\\Routing\\Router->runRoute()
#33 C:\\Code\\Web\\CoolYeah\\PemWEB\\Aryo_059_SC\\practice_laravel\\vendor\\laravel\\framework\\src\\Illuminate\\Routing\\Router.php(737): Illuminate\\Routing\\Router->dispatchToRoute()
#34 C:\\Code\\Web\\CoolYeah\\PemWEB\\Aryo_059_SC\\practice_laravel\\vendor\\laravel\\framework\\src\\Illuminate\\Foundation\\Http\\Kernel.php(200): Illuminate\\Routing\\Router->dispatch()
#35 C:\\Code\\Web\\CoolYeah\\PemWEB\\Aryo_059_SC\\practice_laravel\\vendor\\laravel\\framework\\src\\Illuminate\\Pipeline\\Pipeline.php(144): Illuminate\\Foundation\\Http\\Kernel->Illuminate\\Foundation\\Http\\{closure}()
#36 C:\\Code\\Web\\CoolYeah\\PemWEB\\Aryo_059_SC\\practice_laravel\\vendor\\laravel\\framework\\src\\Illuminate\\Foundation\\Http\\Middleware\\TransformsRequest.php(21): Illuminate\\Pipeline\\Pipeline->Illuminate\\Pipeline\\{closure}()
#37 C:\\Code\\Web\\CoolYeah\\PemWEB\\Aryo_059_SC\\practice_laravel\\vendor\\laravel\\framework\\src\\Illuminate\\Foundation\\Http\\Middleware\\ConvertEmptyStringsToNull.php(31): Illuminate\\Foundation\\Http\\Middleware\\TransformsRequest->handle()
#38 C:\\Code\\Web\\CoolYeah\\PemWEB\\Aryo_059_SC\\practice_laravel\\vendor\\laravel\\framework\\src\\Illuminate\\Pipeline\\Pipeline.php(183): Illuminate\\Foundation\\Http\\Middleware\\ConvertEmptyStringsToNull->handle()
#39 C:\\Code\\Web\\CoolYeah\\PemWEB\\Aryo_059_SC\\practice_laravel\\vendor\\laravel\\framework\\src\\Illuminate\\Foundation\\Http\\Middleware\\TransformsRequest.php(21): Illuminate\\Pipeline\\Pipeline->Illuminate\\Pipeline\\{closure}()
#40 C:\\Code\\Web\\CoolYeah\\PemWEB\\Aryo_059_SC\\practice_laravel\\vendor\\laravel\\framework\\src\\Illuminate\\Foundation\\Http\\Middleware\\TrimStrings.php(40): Illuminate\\Foundation\\Http\\Middleware\\TransformsRequest->handle()
#41 C:\\Code\\Web\\CoolYeah\\PemWEB\\Aryo_059_SC\\practice_laravel\\vendor\\laravel\\framework\\src\\Illuminate\\Pipeline\\Pipeline.php(183): Illuminate\\Foundation\\Http\\Middleware\\TrimStrings->handle()
#42 C:\\Code\\Web\\CoolYeah\\PemWEB\\Aryo_059_SC\\practice_laravel\\vendor\\laravel\\framework\\src\\Illuminate\\Foundation\\Http\\Middleware\\ValidatePostSize.php(27): Illuminate\\Pipeline\\Pipeline->Illuminate\\Pipeline\\{closure}()
#43 C:\\Code\\Web\\CoolYeah\\PemWEB\\Aryo_059_SC\\practice_laravel\\vendor\\laravel\\framework\\src\\Illuminate\\Pipeline\\Pipeline.php(183): Illuminate\\Foundation\\Http\\Middleware\\ValidatePostSize->handle()
#44 C:\\Code\\Web\\CoolYeah\\PemWEB\\Aryo_059_SC\\practice_laravel\\vendor\\laravel\\framework\\src\\Illuminate\\Foundation\\Http\\Middleware\\PreventRequestsDuringMaintenance.php(99): Illuminate\\Pipeline\\Pipeline->Illuminate\\Pipeline\\{closure}()
#45 C:\\Code\\Web\\CoolYeah\\PemWEB\\Aryo_059_SC\\practice_laravel\\vendor\\laravel\\framework\\src\\Illuminate\\Pipeline\\Pipeline.php(183): Illuminate\\Foundation\\Http\\Middleware\\PreventRequestsDuringMaintenance->handle()
#46 C:\\Code\\Web\\CoolYeah\\PemWEB\\Aryo_059_SC\\practice_laravel\\vendor\\laravel\\framework\\src\\Illuminate\\Http\\Middleware\\HandleCors.php(49): Illuminate\\Pipeline\\Pipeline->Illuminate\\Pipeline\\{closure}()
#47 C:\\Code\\Web\\CoolYeah\\PemWEB\\Aryo_059_SC\\practice_laravel\\vendor\\laravel\\framework\\src\\Illuminate\\Pipeline\\Pipeline.php(183): Illuminate\\Http\\Middleware\\HandleCors->handle()
#48 C:\\Code\\Web\\CoolYeah\\PemWEB\\Aryo_059_SC\\practice_laravel\\vendor\\laravel\\framework\\src\\Illuminate\\Http\\Middleware\\TrustProxies.php(39): Illuminate\\Pipeline\\Pipeline->Illuminate\\Pipeline\\{closure}()
#49 C:\\Code\\Web\\CoolYeah\\PemWEB\\Aryo_059_SC\\practice_laravel\\vendor\\laravel\\framework\\src\\Illuminate\\Pipeline\\Pipeline.php(183): Illuminate\\Http\\Middleware\\TrustProxies->handle()
#50 C:\\Code\\Web\\CoolYeah\\PemWEB\\Aryo_059_SC\\practice_laravel\\vendor\\laravel\\framework\\src\\Illuminate\\Pipeline\\Pipeline.php(119): Illuminate\\Pipeline\\Pipeline->Illuminate\\Pipeline\\{closure}()
#51 C:\\Code\\Web\\CoolYeah\\PemWEB\\Aryo_059_SC\\practice_laravel\\vendor\\laravel\\framework\\src\\Illuminate\\Foundation\\Http\\Kernel.php(175): Illuminate\\Pipeline\\Pipeline->then()
#52 C:\\Code\\Web\\CoolYeah\\PemWEB\\Aryo_059_SC\\practice_laravel\\vendor\\laravel\\framework\\src\\Illuminate\\Foundation\\Http\\Kernel.php(144): Illuminate\\Foundation\\Http\\Kernel->sendRequestThroughRouter()
#53 C:\\Code\\Web\\CoolYeah\\PemWEB\\Aryo_059_SC\\practice_laravel\\public\\index.php(51): Illuminate\\Foundation\\Http\\Kernel->handle()
#54 C:\\Code\\Web\\CoolYeah\\PemWEB\\Aryo_059_SC\\practice_laravel\\vendor\\laravel\\framework\\src\\Illuminate\\Foundation\\resources\\server.php(16): require_once('...')
#55 {main}

[previous exception] [object] (PDOException(code: 0): could not find driver at C:\\Code\\Web\\CoolYeah\\PemWEB\\Aryo_059_SC\\practice_laravel\\vendor\\laravel\\framework\\src\\Illuminate\\Database\\Connectors\\Connector.php:65)
[stacktrace]
#0 C:\\Code\\Web\\CoolYeah\\PemWEB\\Aryo_059_SC\\practice_laravel\\vendor\\laravel\\framework\\src\\Illuminate\\Database\\Connectors\\Connector.php(65): PDO->__construct()
#1 C:\\Code\\Web\\CoolYeah\\PemWEB\\Aryo_059_SC\\practice_laravel\\vendor\\laravel\\framework\\src\\Illuminate\\Database\\Connectors\\Connector.php(44): Illuminate\\Database\\Connectors\\Connector->createPdoConnection()
#2 C:\\Code\\Web\\CoolYeah\\PemWEB\\Aryo_059_SC\\practice_laravel\\vendor\\laravel\\framework\\src\\Illuminate\\Database\\Connectors\\MySqlConnector.php(24): Illuminate\\Database\\Connectors\\Connector->createConnection()
#3 C:\\Code\\Web\\CoolYeah\\PemWEB\\Aryo_059_SC\\practice_laravel\\vendor\\laravel\\framework\\src\\Illuminate\\Database\\Connectors\\ConnectionFactory.php(184): Illuminate\\Database\\Connectors\\MySqlConnector->connect()
#4 [internal function]: Illuminate\\Database\\Connectors\\ConnectionFactory->Illuminate\\Database\\Connectors\\{closure}()
#5 C:\\Code\\Web\\CoolYeah\\PemWEB\\Aryo_059_SC\\practice_laravel\\vendor\\laravel\\framework\\src\\Illuminate\\Database\\Connection.php(1319): call_user_func()
#6 C:\\Code\\Web\\CoolYeah\\PemWEB\\Aryo_059_SC\\practice_laravel\\vendor\\laravel\\framework\\src\\Illuminate\\Database\\Connection.php(1355): Illuminate\\Database\\Connection->getPdo()
#7 C:\\Code\\Web\\CoolYeah\\PemWEB\\Aryo_059_SC\\practice_laravel\\vendor\\laravel\\framework\\src\\Illuminate\\Database\\Connection.php(521): Illuminate\\Database\\Connection->getReadPdo()
#8 C:\\Code\\Web\\CoolYeah\\PemWEB\\Aryo_059_SC\\practice_laravel\\vendor\\laravel\\framework\\src\\Illuminate\\Database\\Connection.php(416): Illuminate\\Database\\Connection->getPdoForSelect()
#9 C:\\Code\\Web\\CoolYeah\\PemWEB\\Aryo_059_SC\\practice_laravel\\vendor\\laravel\\framework\\src\\Illuminate\\Database\\Connection.php(809): Illuminate\\Database\\Connection->Illuminate\\Database\\{closure}()
#10 C:\\Code\\Web\\CoolYeah\\PemWEB\\Aryo_059_SC\\practice_laravel\\vendor\\laravel\\framework\\src\\Illuminate\\Database\\Connection.php(776): Illuminate\\Database\\Connection->runQueryCallback()
#11 C:\\Code\\Web\\CoolYeah\\PemWEB\\Aryo_059_SC\\practice_laravel\\vendor\\laravel\\framework\\src\\Illuminate\\Database\\Connection.php(407): Illuminate\\Database\\Connection->run()
#12 C:\\Code\\Web\\CoolYeah\\PemWEB\\Aryo_059_SC\\practice_laravel\\vendor\\laravel\\framework\\src\\Illuminate\\Database\\Query\\Builder.php(2751): Illuminate\\Database\\Connection->select()
#13 C:\\Code\\Web\\CoolYeah\\PemWEB\\Aryo_059_SC\\practice_laravel\\vendor\\laravel\\framework\\src\\Illuminate\\Database\\Query\\Builder.php(2740): Illuminate\\Database\\Query\\Builder->runSelect()
#14 C:\\Code\\Web\\CoolYeah\\PemWEB\\Aryo_059_SC\\practice_laravel\\vendor\\laravel\\framework\\src\\Illuminate\\Database\\Query\\Builder.php(3294): Illuminate\\Database\\Query\\Builder->Illuminate\\Database\\Query\\{closure}()
#15 C:\\Code\\Web\\CoolYeah\\PemWEB\\Aryo_059_SC\\practice_laravel\\vendor\\laravel\\framework\\src\\Illuminate\\Database\\Query\\Builder.php(2739): Illuminate\\Database\\Query\\Builder->onceWithColumns()
#16 C:\\Code\\Web\\CoolYeah\\PemWEB\\Aryo_059_SC\\practice_laravel\\vendor\\laravel\\framework\\src\\Illuminate\\Database\\Eloquent\\Builder.php(737): Illuminate\\Database\\Query\\Builder->get()
#17 C:\\Code\\Web\\CoolYeah\\PemWEB\\Aryo_059_SC\\practice_laravel\\vendor\\laravel\\framework\\src\\Illuminate\\Database\\Eloquent\\Builder.php(721): Illuminate\\Database\\Eloquent\\Builder->getModels()
#18 C:\\Code\\Web\\CoolYeah\\PemWEB\\Aryo_059_SC\\practice_laravel\\vendor\\laravel\\framework\\src\\Illuminate\\Database\\Concerns\\BuildsQueries.php(333): Illuminate\\Database\\Eloquent\\Builder->get()
#19 C:\\Code\\Web\\CoolYeah\\PemWEB\\Aryo_059_SC\\practice_laravel\\app\\Http\\Controllers\\AdminController.php(21): Illuminate\\Database\\Eloquent\\Builder->first()
#20 C:\\Code\\Web\\CoolYeah\\PemWEB\\Aryo_059_SC\\practice_laravel\\vendor\\laravel\\framework\\src\\Illuminate\\Routing\\Controller.php(54): App\\Http\\Controllers\\AdminController->process()
#21 C:\\Code\\Web\\CoolYeah\\PemWEB\\Aryo_059_SC\\practice_laravel\\vendor\\laravel\\framework\\src\\Illuminate\\Routing\\ControllerDispatcher.php(43): Illuminate\\Routing\\Controller->callAction()
#22 C:\\Code\\Web\\CoolYeah\\PemWEB\\Aryo_059_SC\\practice_laravel\\vendor\\laravel\\framework\\src\\Illuminate\\Routing\\Route.php(259): Illuminate\\Routing\\ControllerDispatcher->dispatch()
#23 C:\\Code\\Web\\CoolYeah\\PemWEB\\Aryo_059_SC\\practice_laravel\\vendor\\laravel\\framework\\src\\Illuminate\\Routing\\Route.php(205): Illuminate\\Routing\\Route->runController()
#24 C:\\Code\\Web\\CoolYeah\\PemWEB\\Aryo_059_SC\\practice_laravel\\vendor\\laravel\\framework\\src\\Illuminate\\Routing\\Router.php(806): Illuminate\\Routing\\Route->run()
#25 C:\\Code\\Web\\CoolYeah\\PemWEB\\Aryo_059_SC\\practice_laravel\\vendor\\laravel\\framework\\src\\Illuminate\\Pipeline\\Pipeline.php(144): Illuminate\\Routing\\Router->Illuminate\\Routing\\{closure}()
#26 C:\\Code\\Web\\CoolYeah\\PemWEB\\Aryo_059_SC\\practice_laravel\\vendor\\laravel\\framework\\src\\Illuminate\\Routing\\Middleware\\SubstituteBindings.php(50): Illuminate\\Pipeline\\Pipeline->Illuminate\\Pipeline\\{closure}()
#27 C:\\Code\\Web\\CoolYeah\\PemWEB\\Aryo_059_SC\\practice_laravel\\vendor\\laravel\\framework\\src\\Illuminate\\Pipeline\\Pipeline.php(183): Illuminate\\Routing\\Middleware\\SubstituteBindings->handle()
#28 C:\\Code\\Web\\CoolYeah\\PemWEB\\Aryo_059_SC\\practice_laravel\\vendor\\laravel\\framework\\src\\Illuminate\\Foundation\\Http\\Middleware\\VerifyCsrfToken.php(78): Illuminate\\Pipeline\\Pipeline->Illuminate\\Pipeline\\{closure}()
#29 C:\\Code\\Web\\CoolYeah\\PemWEB\\Aryo_059_SC\\practice_laravel\\vendor\\laravel\\framework\\src\\Illuminate\\Pipeline\\Pipeline.php(183): Illuminate\\Foundation\\Http\\Middleware\\VerifyCsrfToken->handle()
#30 C:\\Code\\Web\\CoolYeah\\PemWEB\\Aryo_059_SC\\practice_laravel\\vendor\\laravel\\framework\\src\\Illuminate\\View\\Middleware\\ShareErrorsFromSession.php(49): Illuminate\\Pipeline\\Pipeline->Illuminate\\Pipeline\\{closure}()
#31 C:\\Code\\Web\\CoolYeah\\PemWEB\\Aryo_059_SC\\practice_laravel\\vendor\\laravel\\framework\\src\\Illuminate\\Pipeline\\Pipeline.php(183): Illuminate\\View\\Middleware\\ShareErrorsFromSession->handle()
#32 C:\\Code\\Web\\CoolYeah\\PemWEB\\Aryo_059_SC\\practice_laravel\\vendor\\laravel\\framework\\src\\Illuminate\\Session\\Middleware\\StartSession.php(121): Illuminate\\Pipeline\\Pipeline->Illuminate\\Pipeline\\{closure}()
#33 C:\\Code\\Web\\CoolYeah\\PemWEB\\Aryo_059_SC\\practice_laravel\\vendor\\laravel\\framework\\src\\Illuminate\\Session\\Middleware\\StartSession.php(64): Illuminate\\Session\\Middleware\\StartSession->handleStatefulRequest()
#34 C:\\Code\\Web\\CoolYeah\\PemWEB\\Aryo_059_SC\\practice_laravel\\vendor\\laravel\\framework\\src\\Illuminate\\Pipeline\\Pipeline.php(183): Illuminate\\Session\\Middleware\\StartSession->handle()
#35 C:\\Code\\Web\\CoolYeah\\PemWEB\\Aryo_059_SC\\practice_laravel\\vendor\\laravel\\framework\\src\\Illuminate\\Cookie\\Middleware\\AddQueuedCookiesToResponse.php(37): Illuminate\\Pipeline\\Pipeline->Illuminate\\Pipeline\\{closure}()
#36 C:\\Code\\Web\\CoolYeah\\PemWEB\\Aryo_059_SC\\practice_laravel\\vendor\\laravel\\framework\\src\\Illuminate\\Pipeline\\Pipeline.php(183): Illuminate\\Cookie\\Middleware\\AddQueuedCookiesToResponse->handle()
#37 C:\\Code\\Web\\CoolYeah\\PemWEB\\Aryo_059_SC\\practice_laravel\\vendor\\laravel\\framework\\src\\Illuminate\\Cookie\\Middleware\\EncryptCookies.php(67): Illuminate\\Pipeline\\Pipeline->Illuminate\\Pipeline\\{closure}()
#38 C:\\Code\\Web\\CoolYeah\\PemWEB\\Aryo_059_SC\\practice_laravel\\vendor\\laravel\\framework\\src\\Illuminate\\Pipeline\\Pipeline.php(183): Illuminate\\Cookie\\Middleware\\EncryptCookies->handle()
#39 C:\\Code\\Web\\CoolYeah\\PemWEB\\Aryo_059_SC\\practice_laravel\\vendor\\laravel\\framework\\src\\Illuminate\\Pipeline\\Pipeline.php(119): Illuminate\\Pipeline\\Pipeline->Illuminate\\Pipeline\\{closure}()
#40 C:\\Code\\Web\\CoolYeah\\PemWEB\\Aryo_059_SC\\practice_laravel\\vendor\\laravel\\framework\\src\\Illuminate\\Routing\\Router.php(805): Illuminate\\Pipeline\\Pipeline->then()
#41 C:\\Code\\Web\\CoolYeah\\PemWEB\\Aryo_059_SC\\practice_laravel\\vendor\\laravel\\framework\\src\\Illuminate\\Routing\\Router.php(784): Illuminate\\Routing\\Router->runRouteWithinStack()
#42 C:\\Code\\Web\\CoolYeah\\PemWEB\\Aryo_059_SC\\practice_laravel\\vendor\\laravel\\framework\\src\\Illuminate\\Routing\\Router.php(748): Illuminate\\Routing\\Router->runRoute()
#43 C:\\Code\\Web\\CoolYeah\\PemWEB\\Aryo_059_SC\\practice_laravel\\vendor\\laravel\\framework\\src\\Illuminate\\Routing\\Router.php(737): Illuminate\\Routing\\Router->dispatchToRoute()
#44 C:\\Code\\Web\\CoolYeah\\PemWEB\\Aryo_059_SC\\practice_laravel\\vendor\\laravel\\framework\\src\\Illuminate\\Foundation\\Http\\Kernel.php(200): Illuminate\\Routing\\Router->dispatch()
#45 C:\\Code\\Web\\CoolYeah\\PemWEB\\Aryo_059_SC\\practice_laravel\\vendor\\laravel\\framework\\src\\Illuminate\\Pipeline\\Pipeline.php(144): Illuminate\\Foundation\\Http\\Kernel->Illuminate\\Foundation\\Http\\{closure}()
#46 C:\\Code\\Web\\CoolYeah\\PemWEB\\Aryo_059_SC\\practice_laravel\\vendor\\laravel\\framework\\src\\Illuminate\\Foundation\\Http\\Middleware\\TransformsRequest.php(21): Illuminate\\Pipeline\\Pipeline->Illuminate\\Pipeline\\{closure}()
#47 C:\\Code\\Web\\CoolYeah\\PemWEB\\Aryo_059_SC\\practice_laravel\\vendor\\laravel\\framework\\src\\Illuminate\\Foundation\\Http\\Middleware\\ConvertEmptyStringsToNull.php(31): Illuminate\\Foundation\\Http\\Middleware\\TransformsRequest->handle()
#48 C:\\Code\\Web\\CoolYeah\\PemWEB\\Aryo_059_SC\\practice_laravel\\vendor\\laravel\\framework\\src\\Illuminate\\Pipeline\\Pipeline.php(183): Illuminate\\Foundation\\Http\\Middleware\\ConvertEmptyStringsToNull->handle()
#49 C:\\Code\\Web\\CoolYeah\\PemWEB\\Aryo_059_SC\\practice_laravel\\vendor\\laravel\\framework\\src\\Illuminate\\Foundation\\Http\\Middleware\\TransformsRequest.php(21): Illuminate\\Pipeline\\Pipeline->Illuminate\\Pipeline\\{closure}()
#50 C:\\Code\\Web\\CoolYeah\\PemWEB\\Aryo_059_SC\\practice_laravel\\vendor\\laravel\\framework\\src\\Illuminate\\Foundation\\Http\\Middleware\\TrimStrings.php(40): Illuminate\\Foundation\\Http\\Middleware\\TransformsRequest->handle()
#51 C:\\Code\\Web\\CoolYeah\\PemWEB\\Aryo_059_SC\\practice_laravel\\vendor\\laravel\\framework\\src\\Illuminate\\Pipeline\\Pipeline.php(183): Illuminate\\Foundation\\Http\\Middleware\\TrimStrings->handle()
#52 C:\\Code\\Web\\CoolYeah\\PemWEB\\Aryo_059_SC\\practice_laravel\\vendor\\laravel\\framework\\src\\Illuminate\\Foundation\\Http\\Middleware\\ValidatePostSize.php(27): Illuminate\\Pipeline\\Pipeline->Illuminate\\Pipeline\\{closure}()
#53 C:\\Code\\Web\\CoolYeah\\PemWEB\\Aryo_059_SC\\practice_laravel\\vendor\\laravel\\framework\\src\\Illuminate\\Pipeline\\Pipeline.php(183): Illuminate\\Foundation\\Http\\Middleware\\ValidatePostSize->handle()
#54 C:\\Code\\Web\\CoolYeah\\PemWEB\\Aryo_059_SC\\practice_laravel\\vendor\\laravel\\framework\\src\\Illuminate\\Foundation\\Http\\Middleware\\PreventRequestsDuringMaintenance.php(99): Illuminate\\Pipeline\\Pipeline->Illuminate\\Pipeline\\{closure}()
#55 C:\\Code\\Web\\CoolYeah\\PemWEB\\Aryo_059_SC\\practice_laravel\\vendor\\laravel\\framework\\src\\Illuminate\\Pipeline\\Pipeline.php(183): Illuminate\\Foundation\\Http\\Middleware\\PreventRequestsDuringMaintenance->handle()
#56 C:\\Code\\Web\\CoolYeah\\PemWEB\\Aryo_059_SC\\practice_laravel\\vendor\\laravel\\framework\\src\\Illuminate\\Http\\Middleware\\HandleCors.php(49): Illuminate\\Pipeline\\Pipeline->Illuminate\\Pipeline\\{closure}()
#57 C:\\Code\\Web\\CoolYeah\\PemWEB\\Aryo_059_SC\\practice_laravel\\vendor\\laravel\\framework\\src\\Illuminate\\Pipeline\\Pipeline.php(183): Illuminate\\Http\\Middleware\\HandleCors->handle()
#58 C:\\Code\\Web\\CoolYeah\\PemWEB\\Aryo_059_SC\\practice_laravel\\vendor\\laravel\\framework\\src\\Illuminate\\Http\\Middleware\\TrustProxies.php(39): Illuminate\\Pipeline\\Pipeline->Illuminate\\Pipeline\\{closure}()
#59 C:\\Code\\Web\\CoolYeah\\PemWEB\\Aryo_059_SC\\practice_laravel\\vendor\\laravel\\framework\\src\\Illuminate\\Pipeline\\Pipeline.php(183): Illuminate\\Http\\Middleware\\TrustProxies->handle()
#60 C:\\Code\\Web\\CoolYeah\\PemWEB\\Aryo_059_SC\\practice_laravel\\vendor\\laravel\\framework\\src\\Illuminate\\Pipeline\\Pipeline.php(119): Illuminate\\Pipeline\\Pipeline->Illuminate\\Pipeline\\{closure}()
#61 C:\\Code\\Web\\CoolYeah\\PemWEB\\Aryo_059_SC\\practice_laravel\\vendor\\laravel\\framework\\src\\Illuminate\\Foundation\\Http\\Kernel.php(175): Illuminate\\Pipeline\\Pipeline->then()
#62 C:\\Code\\Web\\CoolYeah\\PemWEB\\Aryo_059_SC\\practice_laravel\\vendor\\laravel\\framework\\src\\Illuminate\\Foundation\\Http\\Kernel.php(144): Illuminate\\Foundation\\Http\\Kernel->sendRequestThroughRouter()
#63 C:\\Code\\Web\\CoolYeah\\PemWEB\\Aryo_059_SC\\practice_laravel\\public\\index.php(51): Illuminate\\Foundation\\Http\\Kernel->handle()
#64 C:\\Code\\Web\\CoolYeah\\PemWEB\\Aryo_059_SC\\practice_laravel\\vendor\\laravel\\framework\\src\\Illuminate\\Foundation\\resources\\server.php(16): require_once('...')
#65 {main}
"} 
